<?xml version="1.0" encoding="utf-8"?><testsuites name="pytest tests"><testsuite name="pytest" errors="0" failures="0" skipped="0" tests="14" time="64.166" timestamp="2026-04-13T15:35:42.958949+00:00" hostname="agent-env-820b473f-c8a3-4ab7-8bfd-56b463fc1c54"><testcase classname="backend.tests.test_consulenza_rapida_v43.TestConsulenzaRapidaBackend" name="test_health_check" time="0.600" /><testcase classname="backend.tests.test_consulenza_rapida_v43.TestConsulenzaRapidaBackend" name="test_triage_endpoint_requires_auth" time="0.526" /><testcase classname="backend.tests.test_consulenza_rapida_v43.TestConsulenzaRapidaBackend" name="test_triage_validation_short_description" time="0.460" /><testcase classname="backend.tests.test_consulenza_rapida_v43.TestConsulenzaRapidaBackend" name="test_triage_validation_empty_description" time="0.447" /><testcase classname="backend.tests.test_consulenza_rapida_v43.TestConsulenzaRapidaBackend" name="test_triage_success_vat_opening" time="8.699" /><testcase classname="backend.tests.test_consulenza_rapida_v43.TestConsulenzaRapidaBackend" name="test_triage_success_tax_declaration" time="9.745" /><testcase classname="backend.tests.test_consulenza_rapida_v43.TestConsulenzaRapidaBackend" name="test_refine_endpoint_requires_auth" time="0.530" /><testcase classname="backend.tests.test_consulenza_rapida_v43.TestConsulenzaRapidaBackend" name="test_refine_invalid_session" time="0.439" /><testcase classname="backend.tests.test_consulenza_rapida_v43.TestConsulenzaRapidaBackend" name="test_refine_success" time="12.257" /><testcase classname="backend.tests.test_consulenza_rapida_v43.TestConsulenzaRapidaBackend" name="test_sessions_endpoint_requires_auth" time="0.567" /><testcase classname="backend.tests.test_consulenza_rapida_v43.TestConsulenzaRapidaBackend" name="test_sessions_list" time="7.989" /><testcase classname="backend.tests.test_consulenza_rapida_v43.TestConsulenzaRapidaBackend" name="test_triage_ambiguous_situation" time="4.125" /><testcase classname="backend.tests.test_consulenza_rapida_v43.TestConsulenzaRapidaBackend" name="test_catalog_endpoint_for_suggestions" time="0.501" /><testcase classname="backend.tests.test_consulenza_rapida_v43.TestConsulenzaRapidaIntegration" name="test_full_consultation_flow" time="17.184" /></testsuite></testsuites>