<?xml version="1.0" encoding="utf-8"?><testsuites name="pytest tests"><testsuite name="pytest" errors="0" failures="0" skipped="0" tests="12" time="5.447" timestamp="2026-04-13T12:54:39.283313+00:00" hostname="agent-env-820b473f-c8a3-4ab7-8bfd-56b463fc1c54"><testcase classname="backend.tests.test_international_features.TestInternationalCatalog" name="test_catalog_categories_includes_internazionale" time="0.632" /><testcase classname="backend.tests.test_international_features.TestInternationalCatalog" name="test_catalog_total_procedures" time="0.455" /><testcase classname="backend.tests.test_international_features.TestInternationalCatalog" name="test_international_official_procedures_exist" time="0.432" /><testcase classname="backend.tests.test_international_features.TestInternationalCatalog" name="test_international_internal_entries_exist" time="0.409" /><testcase classname="backend.tests.test_international_features.TestPreStartInternationalGuidance" name="test_prestart_traduzione_giurata_non_eu_citizen" time="0.386" /><testcase classname="backend.tests.test_international_features.TestPreStartInternationalGuidance" name="test_prestart_vat_open_pf_eu_citizen" time="0.466" /><testcase classname="backend.tests.test_international_features.TestPreStartInternationalGuidance" name="test_prestart_doc_missing_request_private" time="0.380" /><testcase classname="backend.tests.test_international_features.TestPreStartInternationalGuidance" name="test_prestart_non_eu_citizen_has_legalization_guidance" time="0.394" /><testcase classname="backend.tests.test_international_features.TestPreStartInternationalGuidance" name="test_prestart_eu_citizen_no_legalization_guidance" time="0.452" /><testcase classname="backend.tests.test_international_features.TestPreStartInternationalGuidance" name="test_prestart_international_safety_note_present" time="0.417" /><testcase classname="backend.tests.test_international_features.TestExtendedClientTypes" name="test_catalog_entry_supports_all_client_types" time="0.454" /><testcase classname="backend.tests.test_international_features.TestExtendedClientTypes" name="test_prestart_filters_by_client_type" time="0.480" /></testsuite></testsuites>