<?xml version="1.0" encoding="utf-8"?><testsuites name="pytest tests"><testsuite name="pytest" errors="0" failures="0" skipped="0" tests="18" time="8.955" timestamp="2026-04-09T22:31:54.704365+00:00" hostname="agent-env-820b473f-c8a3-4ab7-8bfd-56b463fc1c54"><testcase classname="backend.tests.test_herion_v9_governance.TestGovernanceAuth" name="test_creator_login" time="0.456" /><testcase classname="backend.tests.test_herion_v9_governance.TestGovernanceAuth" name="test_admin_login" time="0.340" /><testcase classname="backend.tests.test_herion_v9_governance.TestGovernanceDashboardAPI" name="test_dashboard_returns_all_components" time="0.395" /><testcase classname="backend.tests.test_herion_v9_governance.TestGovernanceDashboardAPI" name="test_dashboard_has_10_non_negotiable_rules" time="0.403" /><testcase classname="backend.tests.test_herion_v9_governance.TestGovernanceDashboardAPI" name="test_dashboard_has_23_permissions" time="0.381" /><testcase classname="backend.tests.test_herion_v9_governance.TestGovernanceDashboardAPI" name="test_dashboard_admin_access" time="0.379" /><testcase classname="backend.tests.test_herion_v9_governance.TestGovernanceDashboardAPI" name="test_dashboard_user_denied" time="0.399" /><testcase classname="backend.tests.test_herion_v9_governance.TestGovernanceAuditAPI" name="test_audit_returns_events" time="0.387" /><testcase classname="backend.tests.test_herion_v9_governance.TestGovernanceAuditAPI" name="test_audit_user_sees_own_events_only" time="0.599" /><testcase classname="backend.tests.test_herion_v9_governance.TestGovernanceCheckAPI" name="test_governance_check_returns_decision" time="0.543" /><testcase classname="backend.tests.test_herion_v9_governance.TestGovernanceCheckAPI" name="test_governance_blocks_unready_practice" time="0.561" /><testcase classname="backend.tests.test_herion_v9_governance.TestGovernanceCheckAPI" name="test_governance_check_approve_action" time="0.597" /><testcase classname="backend.tests.test_herion_v9_governance.TestPracticeGovernanceAuditAPI" name="test_practice_audit_returns_events" time="0.673" /><testcase classname="backend.tests.test_herion_v9_governance.TestPermissionsAPI" name="test_permissions_returns_role_permissions" time="0.396" /><testcase classname="backend.tests.test_herion_v9_governance.TestPermissionsAPI" name="test_user_permissions_limited" time="0.427" /><testcase classname="backend.tests.test_herion_v9_governance.TestSubmissionWithGovernance" name="test_submit_blocked_by_governance" time="0.562" /><testcase classname="backend.tests.test_herion_v9_governance.TestApprovalWithGovernance" name="test_approval_logs_audit_event" time="0.747" /><testcase classname="backend.tests.test_herion_v9_governance.TestDelegationAuditLogging" name="test_delegation_request_logs_audit" time="0.599" /></testsuite></testsuites>