<?xml version="1.0" encoding="utf-8"?><testsuites name="pytest tests"><testsuite name="pytest" errors="0" failures="0" skipped="0" tests="15" time="7.046" timestamp="2026-04-13T12:30:05.631937+00:00" hostname="agent-env-820b473f-c8a3-4ab7-8bfd-56b463fc1c54"><testcase classname="backend.tests.test_admin_stats.TestAdminStatsEndpoint" name="test_admin_stats_returns_200" time="0.603" /><testcase classname="backend.tests.test_admin_stats.TestAdminStatsEndpoint" name="test_admin_stats_window_today" time="0.537" /><testcase classname="backend.tests.test_admin_stats.TestAdminStatsEndpoint" name="test_admin_stats_window_7d" time="0.516" /><testcase classname="backend.tests.test_admin_stats.TestAdminStatsEndpoint" name="test_admin_stats_window_30d" time="0.465" /><testcase classname="backend.tests.test_admin_stats.TestAdminStatsEndpoint" name="test_admin_stats_window_all" time="0.456" /><testcase classname="backend.tests.test_admin_stats.TestAdminStatsEndpoint" name="test_admin_stats_users_block" time="0.476" /><testcase classname="backend.tests.test_admin_stats.TestAdminStatsEndpoint" name="test_admin_stats_user_segments" time="0.464" /><testcase classname="backend.tests.test_admin_stats.TestAdminStatsEndpoint" name="test_admin_stats_practices_block" time="0.468" /><testcase classname="backend.tests.test_admin_stats.TestAdminStatsEndpoint" name="test_admin_stats_trends_block" time="0.506" /><testcase classname="backend.tests.test_admin_stats.TestAdminStatsEndpoint" name="test_admin_stats_operational_block" time="0.479" /><testcase classname="backend.tests.test_admin_stats.TestAdminStatsAccessControl" name="test_admin_stats_403_for_non_admin" time="0.437" /><testcase classname="backend.tests.test_admin_stats.TestAdminStatsAccessControl" name="test_admin_stats_401_for_unauthenticated" time="0.173" /><testcase classname="backend.tests.test_admin_stats.TestUserPlanFields" name="test_new_user_has_plan_fields" time="0.414" /><testcase classname="backend.tests.test_admin_stats.TestAdminStatsDataIntegrity" name="test_stats_generated_at_timestamp" time="0.461" /><testcase classname="backend.tests.test_admin_stats.TestAdminStatsDataIntegrity" name="test_stats_numbers_are_non_negative" time="0.491" /></testsuite></testsuites>