<?xml version="1.0" encoding="utf-8"?><testsuites name="pytest tests"><testsuite name="pytest" errors="0" failures="0" skipped="0" tests="11" time="4.718" timestamp="2026-04-18T18:19:37.276576+00:00" hostname="agent-env-820b473f-c8a3-4ab7-8bfd-56b463fc1c54"><testcase classname="backend.tests.test_iteration46.TestComplianceEndpoint" name="test_f24_preparation_compliance" time="0.422" /><testcase classname="backend.tests.test_iteration46.TestComplianceEndpoint" name="test_vat_open_pf_compliance" time="0.376" /><testcase classname="backend.tests.test_iteration46.TestComplianceEndpoint" name="test_income_tax_pf_compliance" time="0.388" /><testcase classname="backend.tests.test_iteration46.TestComplianceEndpoint" name="test_compliance_not_found" time="0.401" /><testcase classname="backend.tests.test_iteration46.TestWorkspacePracticeType" name="test_workspace_includes_practice_type" time="0.538" /><testcase classname="backend.tests.test_iteration46.TestWorkspacePracticeType" name="test_workspace_legacy_map_resolution" time="0.499" /><testcase classname="backend.tests.test_iteration46.TestCatalogSearch" name="test_catalog_contains_practice_id_field" time="0.416" /><testcase classname="backend.tests.test_iteration46.TestCatalogSearch" name="test_catalog_contains_user_explanation_field" time="0.424" /><testcase classname="backend.tests.test_iteration46.TestComplianceDataStructure" name="test_compliance_rights_structure" time="0.388" /><testcase classname="backend.tests.test_iteration46.TestComplianceDataStructure" name="test_compliance_obligations_structure" time="0.383" /><testcase classname="backend.tests.test_iteration46.TestComplianceDataStructure" name="test_compliance_risks_structure" time="0.391" /></testsuite></testsuites>