<?xml version="1.0" encoding="utf-8"?><testsuites name="pytest tests"><testsuite name="pytest" errors="0" failures="0" skipped="0" tests="24" time="2.438" timestamp="2026-04-10T16:34:30.187180+00:00" hostname="agent-env-820b473f-c8a3-4ab7-8bfd-56b463fc1c54"><testcase classname="backend.tests.test_herion_v14_email_templates.TestAdminLogin" name="test_admin_login" time="0.376" /><testcase classname="backend.tests.test_herion_v14_email_templates.TestEmailTemplatesList" name="test_get_all_templates" time="0.327" /><testcase classname="backend.tests.test_herion_v14_email_templates.TestEmailTemplatesList" name="test_templates_have_correct_groups" time="0.050" /><testcase classname="backend.tests.test_herion_v14_email_templates.TestEmailTemplatesList" name="test_filter_templates_by_group" time="0.045" /><testcase classname="backend.tests.test_herion_v14_email_templates.TestEmailTemplateGroups" name="test_get_template_groups" time="0.052" /><testcase classname="backend.tests.test_herion_v14_email_templates.TestSingleTemplateDetail" name="test_get_single_template" time="0.053" /><testcase classname="backend.tests.test_herion_v14_email_templates.TestSingleTemplateDetail" name="test_get_nonexistent_template" time="0.048" /><testcase classname="backend.tests.test_herion_v14_email_templates.TestTemplateResolve" name="test_resolve_template_with_practice" time="0.113" /><testcase classname="backend.tests.test_herion_v14_email_templates.TestTemplateResolve" name="test_resolve_keeps_unresolved_visible" time="0.053" /><testcase classname="backend.tests.test_herion_v14_email_templates.TestTemplateResolve" name="test_resolve_with_extra_overrides" time="0.048" /><testcase classname="backend.tests.test_herion_v14_email_templates.TestTemplateResolve" name="test_resolve_nonexistent_template" time="0.057" /><testcase classname="backend.tests.test_herion_v14_email_templates.TestDraftFromTemplate" name="test_create_draft_from_template" time="0.057" /><testcase classname="backend.tests.test_herion_v14_email_templates.TestDraftFromTemplate" name="test_draft_from_template_with_extra_values" time="0.053" /><testcase classname="backend.tests.test_herion_v14_email_templates.TestDraftFromTemplate" name="test_draft_from_template_invalid_practice" time="0.045" /><testcase classname="backend.tests.test_herion_v14_email_templates.TestDraftFromTemplate" name="test_draft_from_template_invalid_template" time="0.046" /><testcase classname="backend.tests.test_herion_v14_email_templates.TestTemplateDraftIntegration" name="test_template_draft_appears_in_list" time="0.104" /><testcase classname="backend.tests.test_herion_v14_email_templates.TestTemplateDraftIntegration" name="test_template_draft_submit_review" time="0.159" /><testcase classname="backend.tests.test_herion_v14_email_templates.TestTemplateDraftIntegration" name="test_template_draft_approve_and_send_flow" time="0.197" /><testcase classname="backend.tests.test_herion_v14_email_templates.TestTimelineAndAuditLogging" name="test_template_draft_creates_timeline_event" time="0.097" /><testcase classname="backend.tests.test_herion_v14_email_templates.TestTimelineAndAuditLogging" name="test_template_draft_creates_audit_event" time="0.106" /><testcase classname="backend.tests.test_herion_v14_email_templates.TestExistingEmailEndpoints" name="test_manual_draft_creation_still_works" time="0.054" /><testcase classname="backend.tests.test_herion_v14_email_templates.TestExistingEmailEndpoints" name="test_email_summary_endpoint" time="0.053" /><testcase classname="backend.tests.test_herion_v14_email_templates.TestTemplateCount" name="test_total_template_count" time="0.046" /><testcase classname="backend.tests.test_herion_v14_email_templates.TestTemplateCount" name="test_group_counts_sum_to_total" time="0.097" /></testsuite></testsuites>