<?xml version="1.0" encoding="utf-8"?><testsuites name="pytest tests"><testsuite name="pytest" errors="0" failures="0" skipped="0" tests="19" time="4.864" timestamp="2026-04-11T21:48:45.117799+00:00" hostname="agent-env-820b473f-c8a3-4ab7-8bfd-56b463fc1c54"><testcase classname="backend.tests.test_herion_v24_workspace_delegation.TestAuth" name="test_auth_login_success" time="0.345" /><testcase classname="backend.tests.test_herion_v24_workspace_delegation.TestAuth" name="test_auth_login_wrong_password" time="0.283" /><testcase classname="backend.tests.test_herion_v24_workspace_delegation.TestWorkspaceEndpoint" name="test_workspace_draft_practice" time="0.397" /><testcase classname="backend.tests.test_herion_v24_workspace_delegation.TestWorkspaceEndpoint" name="test_workspace_current_activity_draft" time="0.062" /><testcase classname="backend.tests.test_herion_v24_workspace_delegation.TestWorkspaceEndpoint" name="test_workspace_official_action_structure" time="0.050" /><testcase classname="backend.tests.test_herion_v24_workspace_delegation.TestWorkspaceEndpoint" name="test_workspace_documents_summary" time="0.056" /><testcase classname="backend.tests.test_herion_v24_workspace_delegation.TestWorkspaceEndpoint" name="test_workspace_ui_guidance" time="0.049" /><testcase classname="backend.tests.test_herion_v24_workspace_delegation.TestWorkspaceEndpoint" name="test_workspace_delegation_state" time="0.053" /><testcase classname="backend.tests.test_herion_v24_workspace_delegation.TestWorkspaceEndpoint" name="test_workspace_proof_layer" time="0.054" /><testcase classname="backend.tests.test_herion_v24_workspace_delegation.TestWorkspaceEndpoint" name="test_workspace_escalated_practice_blockers" time="0.052" /><testcase classname="backend.tests.test_herion_v24_workspace_delegation.TestWorkspaceEndpoint" name="test_workspace_completed_activities" time="0.049" /><testcase classname="backend.tests.test_herion_v24_workspace_delegation.TestDelegationEndpoints" name="test_delegate_practice" time="0.491" /><testcase classname="backend.tests.test_herion_v24_workspace_delegation.TestDelegationEndpoints" name="test_revoke_delegation" time="0.098" /><testcase classname="backend.tests.test_herion_v24_workspace_delegation.TestDelegationEndpoints" name="test_delegation_audit_trail" time="0.109" /><testcase classname="backend.tests.test_herion_v24_workspace_delegation.TestProofEndpoint" name="test_upload_proof" time="0.534" /><testcase classname="backend.tests.test_herion_v24_workspace_delegation.TestOfficialStepEndpoint" name="test_complete_official_step_success" time="0.538" /><testcase classname="backend.tests.test_herion_v24_workspace_delegation.TestFatherReview" name="test_father_review_for_waiting_user_review" time="0.500" /><testcase classname="backend.tests.test_herion_v24_workspace_delegation.TestPracticeCreationWithDelegation" name="test_practice_creation_has_delegation_fields" time="0.486" /><testcase classname="backend.tests.test_herion_v24_workspace_delegation.TestItalianLabels" name="test_current_activity_italian_labels" time="0.538" /></testsuite></testsuites>