<?xml version="1.0" encoding="utf-8"?><testsuites name="pytest tests"><testsuite name="pytest" errors="0" failures="0" skipped="0" tests="14" time="2.489" timestamp="2026-04-10T13:05:24.218518+00:00" hostname="agent-env-820b473f-c8a3-4ab7-8bfd-56b463fc1c54"><testcase classname="backend.tests.test_herion_v11_batch5.TestAdminLogin" name="test_admin_login" time="0.386" /><testcase classname="backend.tests.test_herion_v11_batch5.TestGuardEvaluationAPI" name="test_guard_evaluate_returns_verdict_and_dimensions" time="0.219" /><testcase classname="backend.tests.test_herion_v11_batch5.TestGuardEvaluationAPI" name="test_guard_summary_returns_evaluations" time="0.149" /><testcase classname="backend.tests.test_herion_v11_batch5.TestFollowUpAPI" name="test_get_follow_ups_returns_items" time="0.147" /><testcase classname="backend.tests.test_herion_v11_batch5.TestFollowUpAPI" name="test_get_follow_ups_with_status_filter" time="0.114" /><testcase classname="backend.tests.test_herion_v11_batch5.TestFollowUpAPI" name="test_get_follow_ups_summary" time="0.129" /><testcase classname="backend.tests.test_herion_v11_batch5.TestFollowUpAPI" name="test_resolve_follow_up_admin_only" time="0.310" /><testcase classname="backend.tests.test_herion_v11_batch5.TestTemplateInstanceAPI" name="test_create_practice_from_template" time="0.119" /><testcase classname="backend.tests.test_herion_v11_batch5.TestTemplateInstanceAPI" name="test_template_not_found_returns_404" time="0.103" /><testcase classname="backend.tests.test_herion_v11_batch5.TestNexusPracticeSeeded" name="test_nexus_practice_exists" time="0.120" /><testcase classname="backend.tests.test_herion_v11_batch5.TestNexusPracticeSeeded" name="test_nexus_guard_evaluation" time="0.109" /><testcase classname="backend.tests.test_herion_v11_batch5.TestGovernanceIncludesGuard" name="test_governance_check_includes_guard" time="0.266" /><testcase classname="backend.tests.test_herion_v11_batch5.TestCreatorPasswordProtection" name="test_test_credentials_shows_protected" time="0.000" /><testcase classname="backend.tests.test_herion_v11_batch5.TestCleanup" name="test_cleanup_test_practices" time="0.222" /></testsuite></testsuites>