<?xml version="1.0" encoding="utf-8"?><testsuites name="pytest tests"><testsuite name="pytest" errors="0" failures="0" skipped="0" tests="17" time="6.611" timestamp="2026-04-09T17:27:42.935744+00:00" hostname="agent-env-820b473f-c8a3-4ab7-8bfd-56b463fc1c54"><testcase classname="backend.tests.test_herion_v4_creator.TestHealthAndBasics" name="test_health_endpoint" time="0.173" /><testcase classname="backend.tests.test_herion_v4_creator.TestHealthAndBasics" name="test_root_endpoint" time="0.211" /><testcase classname="backend.tests.test_herion_v4_creator.TestCreatorAuth" name="test_creator_login_success" time="0.390" /><testcase classname="backend.tests.test_herion_v4_creator.TestCreatorAuth" name="test_creator_email_blocked_from_registration" time="0.148" /><testcase classname="backend.tests.test_herion_v4_creator.TestAdminAuth" name="test_admin_login_success" time="0.351" /><testcase classname="backend.tests.test_herion_v4_creator.TestAdminAuth" name="test_invalid_credentials_rejected" time="0.152" /><testcase classname="backend.tests.test_herion_v4_creator.TestPracticeCatalog" name="test_catalog_returns_20_entries" time="0.478" /><testcase classname="backend.tests.test_herion_v4_creator.TestPracticeCatalog" name="test_catalog_requires_auth" time="0.168" /><testcase classname="backend.tests.test_herion_v4_creator.TestAuthorityRegistry" name="test_registry_returns_14_plus_entries" time="0.485" /><testcase classname="backend.tests.test_herion_v4_creator.TestAuthorityRegistry" name="test_registry_requires_auth" time="0.123" /><testcase classname="backend.tests.test_herion_v4_creator.TestAgentsInfo" name="test_agents_info_returns_12_agents" time="0.460" /><testcase classname="backend.tests.test_herion_v4_creator.TestAgentsInfo" name="test_agents_pipeline_has_11_steps" time="0.464" /><testcase classname="backend.tests.test_herion_v4_creator.TestAgentsInfo" name="test_father_agent_not_herion_admin" time="0.433" /><testcase classname="backend.tests.test_herion_v4_creator.TestProfileSettings" name="test_profile_endpoint_returns_user_info" time="0.449" /><testcase classname="backend.tests.test_herion_v4_creator.TestProfileSettings" name="test_profile_update_works" time="0.442" /><testcase classname="backend.tests.test_herion_v4_creator.TestCreatorProfile" name="test_creator_profile_has_creator_fields" time="0.466" /><testcase classname="backend.tests.test_herion_v4_creator.TestStatusBadges" name="test_practice_status_update_all_statuses" time="1.144" /></testsuite></testsuites>