<?xml version="1.0" encoding="utf-8"?><testsuites name="pytest tests"><testsuite name="pytest" errors="0" failures="0" skipped="0" tests="28" time="11.580" timestamp="2026-04-13T10:33:17.748024+00:00" hostname="agent-env-820b473f-c8a3-4ab7-8bfd-56b463fc1c54"><testcase classname="backend.tests.test_prestart_intelligence.TestPreStartIntelligence" name="test_prestart_endpoint_exists" time="0.503" /><testcase classname="backend.tests.test_prestart_intelligence.TestPreStartIntelligence" name="test_prestart_returns_all_blocks" time="0.395" /><testcase classname="backend.tests.test_prestart_intelligence.TestPreStartIntelligence" name="test_prestart_404_for_invalid_practice" time="0.400" /><testcase classname="backend.tests.test_prestart_intelligence.TestPreStartIntelligence" name="test_orientation_block_structure" time="0.422" /><testcase classname="backend.tests.test_prestart_intelligence.TestPreStartIntelligence" name="test_orientation_suitable_client_type" time="0.445" /><testcase classname="backend.tests.test_prestart_intelligence.TestPreStartIntelligence" name="test_entity_direction_for_official_procedure" time="0.368" /><testcase classname="backend.tests.test_prestart_intelligence.TestPreStartIntelligence" name="test_entity_direction_null_for_internal_procedure" time="0.371" /><testcase classname="backend.tests.test_prestart_intelligence.TestPreStartIntelligence" name="test_checklist_includes_documents" time="0.405" /><testcase classname="backend.tests.test_prestart_intelligence.TestPreStartIntelligence" name="test_checklist_includes_auth_credential" time="0.370" /><testcase classname="backend.tests.test_prestart_intelligence.TestPreStartIntelligence" name="test_auth_block_structure" time="0.374" /><testcase classname="backend.tests.test_prestart_intelligence.TestPreStartIntelligence" name="test_auth_spid_description" time="0.401" /><testcase classname="backend.tests.test_prestart_intelligence.TestPreStartIntelligence" name="test_ateco_relevant_for_vat_open" time="0.370" /><testcase classname="backend.tests.test_prestart_intelligence.TestPreStartIntelligence" name="test_ateco_not_relevant_for_doc_request" time="0.382" /><testcase classname="backend.tests.test_prestart_intelligence.TestPreStartIntelligence" name="test_readiness_block_structure" time="0.458" /><testcase classname="backend.tests.test_prestart_intelligence.TestPreStartIntelligence" name="test_readiness_ready_to_start" time="0.371" /><testcase classname="backend.tests.test_prestart_intelligence.TestPreStartIntelligence" name="test_readiness_ready_with_warnings" time="0.387" /><testcase classname="backend.tests.test_prestart_intelligence.TestPreStartIntelligence" name="test_readiness_likely_wrong_practice" time="0.432" /><testcase classname="backend.tests.test_prestart_intelligence.TestPreStartIntelligence" name="test_readiness_issues_list" time="0.366" /><testcase classname="backend.tests.test_prestart_intelligence.TestPreStartIntelligence" name="test_who_acts_summary_structure" time="0.386" /><testcase classname="backend.tests.test_prestart_intelligence.TestPreStartIntelligence" name="test_timing_block_structure" time="0.367" /><testcase classname="backend.tests.test_prestart_intelligence.TestPreStartIntelligence" name="test_proof_expected_for_official_procedure" time="0.376" /><testcase classname="backend.tests.test_prestart_intelligence.TestPreStartIntelligence" name="test_prestart_multiple_procedures" time="0.605" /><testcase classname="backend.tests.test_prestart_intelligence.TestCatalogEndpoints" name="test_catalog_returns_procedures" time="0.424" /><testcase classname="backend.tests.test_prestart_intelligence.TestCatalogEndpoints" name="test_catalog_entry_has_user_type" time="0.410" /><testcase classname="backend.tests.test_prestart_intelligence.TestCatalogEndpoints" name="test_catalog_categories" time="0.377" /><testcase classname="backend.tests.test_prestart_intelligence.TestPracticeCreation" name="test_create_practice_with_catalog_type" time="0.452" /><testcase classname="backend.tests.test_prestart_intelligence.TestPracticeCreation" name="test_create_practice_private_client" time="0.439" /><testcase classname="backend.tests.test_prestart_intelligence.TestPracticeCreation" name="test_create_practice_company_client" time="0.416" /></testsuite></testsuites>