<?xml version="1.0" encoding="utf-8"?><testsuites name="pytest tests"><testsuite name="pytest" errors="0" failures="0" skipped="0" tests="11" time="1.976" timestamp="2026-04-18T19:28:45.175097+00:00" hostname="agent-env-820b473f-c8a3-4ab7-8bfd-56b463fc1c54"><testcase classname="backend.tests.test_iteration48_creator_control_room.TestCreatorFatherEndpoint" name="test_father_endpoint_returns_200_for_creator" time="0.465" /><testcase classname="backend.tests.test_iteration48_creator_control_room.TestCreatorFatherEndpoint" name="test_father_endpoint_returns_403_for_admin" time="0.417" /><testcase classname="backend.tests.test_iteration48_creator_control_room.TestCreatorFatherEndpoint" name="test_father_response_has_health_section" time="0.060" /><testcase classname="backend.tests.test_iteration48_creator_control_room.TestCreatorFatherEndpoint" name="test_father_response_has_insights_array" time="0.062" /><testcase classname="backend.tests.test_iteration48_creator_control_room.TestCreatorFatherEndpoint" name="test_father_response_has_friction_points" time="0.067" /><testcase classname="backend.tests.test_iteration48_creator_control_room.TestCreatorFatherEndpoint" name="test_father_response_has_top_used" time="0.066" /><testcase classname="backend.tests.test_iteration48_creator_control_room.TestCreatorFatherEndpoint" name="test_father_response_has_stalled_practices" time="0.058" /><testcase classname="backend.tests.test_iteration48_creator_control_room.TestCreatorFatherEndpoint" name="test_father_response_has_daily_activity" time="0.058" /><testcase classname="backend.tests.test_iteration48_creator_control_room.TestCreatorFatherEndpoint" name="test_father_response_has_generated_at" time="0.095" /><testcase classname="backend.tests.test_iteration48_creator_control_room.TestAdminStatsEndpointAccess" name="test_admin_stats_returns_403_for_admin" time="0.415" /><testcase classname="backend.tests.test_iteration48_creator_control_room.TestUnauthenticatedAccess" name="test_father_endpoint_requires_auth" time="0.125" /></testsuite></testsuites>