<?xml version="1.0" encoding="utf-8"?><testsuites name="pytest tests"><testsuite name="pytest" errors="0" failures="3" skipped="0" tests="10" time="238.545" timestamp="2026-04-10T21:57:42.915786+00:00" hostname="agent-env-820b473f-c8a3-4ab7-8bfd-56b463fc1c54"><testcase classname="backend.tests.test_iteration16.TestAuth" name="test_login_success" time="0.453" /><testcase classname="backend.tests.test_iteration16.TestDashboardStats" name="test_dashboard_stats_returns_all_fields" time="0.455" /><testcase classname="backend.tests.test_iteration16.TestDashboardStats" name="test_recent_practices_have_priority" time="0.146" /><testcase classname="backend.tests.test_iteration16.TestDashboardStats" name="test_critical_practices_have_priority" time="0.114" /><testcase classname="backend.tests.test_iteration16.TestDashboardStats" name="test_activity_logs_present" time="0.128" /><testcase classname="backend.tests.test_iteration16.TestPracticeEndpoints" name="test_get_practices" time="0.457" /><testcase classname="backend.tests.test_iteration16.TestPracticeEndpoints" name="test_run_endpoint_exists" time="10.167" /><testcase classname="backend.tests.test_iteration16.TestPracticeEndpoints" name="test_approve_endpoint_validation" time="60.122"><failure message="assert 502 == 200&#10; +  where 502 = &lt;Response [502]&gt;.status_code">backend/tests/test_iteration16.py:192: in test_approve_endpoint_validation
    assert response.status_code == 200
E   assert 502 == 200
E    +  where 502 = &lt;Response [502]&gt;.status_code</failure></testcase><testcase classname="backend.tests.test_iteration16.TestPracticeEndpoints" name="test_approve_waiting_practice" time="60.173"><failure message="assert 502 == 200&#10; +  where 502 = &lt;Response [502]&gt;.status_code">backend/tests/test_iteration16.py:219: in test_approve_waiting_practice
    assert response.status_code == 200
E   assert 502 == 200
E    +  where 502 = &lt;Response [502]&gt;.status_code</failure></testcase><testcase classname="backend.tests.test_iteration16.TestPriorityEngine" name="test_priority_in_dashboard_stats" time="106.220"><failure message="assert 502 == 200&#10; +  where 502 = &lt;Response [502]&gt;.status_code">backend/tests/test_iteration16.py:260: in test_priority_in_dashboard_stats
    assert response.status_code == 200
E   assert 502 == 200
E    +  where 502 = &lt;Response [502]&gt;.status_code</failure></testcase></testsuite></testsuites>