<?xml version="1.0" encoding="utf-8"?><testsuites name="pytest tests"><testsuite name="pytest" errors="0" failures="0" skipped="0" tests="14" time="9.536" timestamp="2026-04-12T21:07:03.966941+00:00" hostname="agent-env-820b473f-c8a3-4ab7-8bfd-56b463fc1c54"><testcase classname="backend.tests.test_tracking_intelligence.TestTrackingIntelligence" name="test_workspace_returns_tracking_block" time="0.557" /><testcase classname="backend.tests.test_tracking_intelligence.TestTrackingIntelligence" name="test_workspace_tracking_with_reference" time="0.511" /><testcase classname="backend.tests.test_tracking_intelligence.TestTrackingIntelligence" name="test_workspace_tracking_without_reference" time="0.500" /><testcase classname="backend.tests.test_tracking_intelligence.TestTrackingIntelligence" name="test_workspace_tracking_mini_timeline" time="0.493" /><testcase classname="backend.tests.test_tracking_intelligence.TestTrackingIntelligence" name="test_workspace_tracking_entity_info" time="0.502" /><testcase classname="backend.tests.test_tracking_intelligence.TestTrackingIntelligence" name="test_get_tracking_status" time="0.517" /><testcase classname="backend.tests.test_tracking_intelligence.TestTrackingIntelligence" name="test_add_tracking_reference" time="0.642" /><testcase classname="backend.tests.test_tracking_intelligence.TestTrackingIntelligence" name="test_add_tracking_reference_invalid_type" time="0.502" /><testcase classname="backend.tests.test_tracking_intelligence.TestTrackingIntelligence" name="test_verify_tracking" time="0.638" /><testcase classname="backend.tests.test_tracking_intelligence.TestTrackingIntelligence" name="test_verify_tracking_integration_requested" time="0.699" /><testcase classname="backend.tests.test_tracking_intelligence.TestTrackingIntelligence" name="test_proof_upload_auto_populates_tracking" time="0.804" /><testcase classname="backend.tests.test_tracking_intelligence.TestTrackingIntelligence" name="test_proof_upload_different_types_mapping" time="0.640" /><testcase classname="backend.tests.test_tracking_intelligence.TestTrackingIntelligence" name="test_all_tracking_identifier_types" time="1.658" /><testcase classname="backend.tests.test_tracking_intelligence.TestTrackingIntelligence" name="test_verification_history_tracked" time="0.774" /></testsuite></testsuites>