<?xml version="1.0" encoding="utf-8"?><testsuites name="pytest tests"><testsuite name="pytest" errors="0" failures="0" skipped="0" tests="9" time="39.037" timestamp="2026-04-18T17:57:23.609523+00:00" hostname="agent-env-820b473f-c8a3-4ab7-8bfd-56b463fc1c54"><testcase classname="backend.tests.test_iteration45.TestAuth" name="test_login_success" time="0.370" /><testcase classname="backend.tests.test_iteration45.TestPracticeChat" name="test_practice_chat_endpoint_exists" time="9.492" /><testcase classname="backend.tests.test_iteration45.TestPracticeChat" name="test_practice_chat_returns_contextual_response" time="7.285" /><testcase classname="backend.tests.test_iteration45.TestPracticeChat" name="test_practice_chat_history_endpoint" time="0.053" /><testcase classname="backend.tests.test_iteration45.TestConsulenzaRapida" name="test_consulenza_triage_endpoint_exists" time="7.515" /><testcase classname="backend.tests.test_iteration45.TestConsulenzaRapida" name="test_consulenza_triage_maps_to_catalog" time="8.204" /><testcase classname="backend.tests.test_iteration45.TestConsulenzaRapida" name="test_consulenza_refine_endpoint" time="5.822" /><testcase classname="backend.tests.test_iteration45.TestPracticeWorkspace" name="test_practice_workspace_endpoint" time="0.151" /><testcase classname="backend.tests.test_iteration45.TestDashboardStats" name="test_dashboard_stats_endpoint" time="0.056" /></testsuite></testsuites>