<?xml version="1.0" encoding="utf-8"?><testsuites name="pytest tests"><testsuite name="pytest" errors="0" failures="0" skipped="0" tests="9" time="4.778" timestamp="2026-04-11T19:33:12.390499+00:00" hostname="agent-env-820b473f-c8a3-4ab7-8bfd-56b463fc1c54"><testcase classname="backend.tests.test_herion_v22_batch_update.TestAuthAndLogin" name="test_login_admin_success" time="0.400" /><testcase classname="backend.tests.test_herion_v22_batch_update.TestDashboardStats" name="test_dashboard_stats_returns_agent_activity" time="0.468" /><testcase classname="backend.tests.test_herion_v22_batch_update.TestDashboardStats" name="test_dashboard_stats_returns_recent_practices" time="0.464" /><testcase classname="backend.tests.test_herion_v22_batch_update.TestPracticesList" name="test_practices_list_returns_step_index" time="0.529" /><testcase classname="backend.tests.test_herion_v22_batch_update.TestPracticesList" name="test_practices_list_returns_user_status" time="0.566" /><testcase classname="backend.tests.test_herion_v22_batch_update.TestPracticeDetail" name="test_practice_detail_returns_enriched_data" time="0.646" /><testcase classname="backend.tests.test_herion_v22_batch_update.TestAgentsInfo" name="test_agents_info_endpoint" time="0.463" /><testcase classname="backend.tests.test_herion_v22_batch_update.TestStatusFilters" name="test_practice_statuses_mapping" time="0.517" /><testcase classname="backend.tests.test_herion_v22_batch_update.TestCreatePracticeWithStepIndex" name="test_create_practice_has_step_index" time="0.637" /></testsuite></testsuites>