<?xml version="1.0" encoding="utf-8"?><testsuites name="pytest tests"><testsuite name="pytest" errors="0" failures="0" skipped="0" tests="27" time="11.556" timestamp="2026-04-09T22:06:05.255979+00:00" hostname="agent-env-820b473f-c8a3-4ab7-8bfd-56b463fc1c54"><testcase classname="backend.tests.test_herion_v8_batch2.TestHealthAndAuth" name="test_health_endpoint" time="0.251" /><testcase classname="backend.tests.test_herion_v8_batch2.TestHealthAndAuth" name="test_creator_login" time="0.337" /><testcase classname="backend.tests.test_herion_v8_batch2.TestHealthAndAuth" name="test_admin_login" time="0.354" /><testcase classname="backend.tests.test_herion_v8_batch2.TestDeadlineDashboard" name="test_deadlines_endpoint_exists" time="0.486" /><testcase classname="backend.tests.test_herion_v8_batch2.TestDeadlineDashboard" name="test_deadlines_sections_structure" time="0.439" /><testcase classname="backend.tests.test_herion_v8_batch2.TestDeadlineDashboard" name="test_deadlines_counts_structure" time="0.415" /><testcase classname="backend.tests.test_herion_v8_batch2.TestDeadlineDashboard" name="test_deadlines_urgency_values" time="0.390" /><testcase classname="backend.tests.test_herion_v8_batch2.TestDeadlineDashboard" name="test_deadlines_requires_auth" time="0.110" /><testcase classname="backend.tests.test_herion_v8_batch2.TestSubmissionCenter" name="test_submission_center_endpoint_exists" time="0.462" /><testcase classname="backend.tests.test_herion_v8_batch2.TestSubmissionCenter" name="test_submission_center_sections_structure" time="0.439" /><testcase classname="backend.tests.test_herion_v8_batch2.TestSubmissionCenter" name="test_submission_center_counts_total" time="0.439" /><testcase classname="backend.tests.test_herion_v8_batch2.TestSubmissionCenter" name="test_submission_center_requires_auth" time="0.115" /><testcase classname="backend.tests.test_herion_v8_batch2.TestReadinessAPI" name="test_readiness_endpoint_exists" time="0.570" /><testcase classname="backend.tests.test_herion_v8_batch2.TestReadinessAPI" name="test_readiness_response_structure" time="0.518" /><testcase classname="backend.tests.test_herion_v8_batch2.TestReadinessAPI" name="test_readiness_blockers_is_list" time="0.585" /><testcase classname="backend.tests.test_herion_v8_batch2.TestReadinessAPI" name="test_readiness_requires_auth" time="0.120" /><testcase classname="backend.tests.test_herion_v8_batch2.TestDelegationAPI" name="test_delegation_request_action" time="0.503" /><testcase classname="backend.tests.test_herion_v8_batch2.TestDelegationAPI" name="test_delegation_upload_confirm_action" time="0.595" /><testcase classname="backend.tests.test_herion_v8_batch2.TestDelegationAPI" name="test_delegation_verify_action" time="0.642" /><testcase classname="backend.tests.test_herion_v8_batch2.TestDelegationAPI" name="test_delegation_reject_action" time="0.604" /><testcase classname="backend.tests.test_herion_v8_batch2.TestDelegationAPI" name="test_delegation_reset_action" time="0.643" /><testcase classname="backend.tests.test_herion_v8_batch2.TestDelegationAPI" name="test_delegation_invalid_action" time="0.497" /><testcase classname="backend.tests.test_herion_v8_batch2.TestDelegationAPI" name="test_delegation_requires_auth" time="0.119" /><testcase classname="backend.tests.test_herion_v8_batch2.TestSubmitAPI" name="test_submit_endpoint_exists" time="0.611" /><testcase classname="backend.tests.test_herion_v8_batch2.TestSubmitAPI" name="test_submit_checks_readiness" time="0.620" /><testcase classname="backend.tests.test_herion_v8_batch2.TestSubmitAPI" name="test_submit_requires_auth" time="0.166" /><testcase classname="backend.tests.test_herion_v8_batch2.TestNavigation" name="test_catalog_still_works" time="0.393" /></testsuite></testsuites>