<?xml version="1.0" encoding="utf-8"?><testsuites name="pytest tests"><testsuite name="pytest" errors="0" failures="1" skipped="0" tests="31" time="2.381" timestamp="2026-04-13T11:32:37.501442+00:00" hostname="agent-env-820b473f-c8a3-4ab7-8bfd-56b463fc1c54"><testcase classname="backend.tests.test_dependency_system.TestDependencyEndpoints" name="test_company_closure_dependencies" time="0.623" /><testcase classname="backend.tests.test_dependency_system.TestDependencyEndpoints" name="test_company_formation_srl_dependencies" time="0.056" /><testcase classname="backend.tests.test_dependency_system.TestDependencyEndpoints" name="test_vat_open_pf_dependencies" time="0.052" /><testcase classname="backend.tests.test_dependency_system.TestDependencyEndpoints" name="test_doc_missing_request_no_dependencies" time="0.051" /><testcase classname="backend.tests.test_dependency_system.TestDependencyEndpoints" name="test_assunzione_dip_dependencies" time="0.052" /><testcase classname="backend.tests.test_dependency_system.TestDependencyEndpoints" name="test_dichiarazione_successione_dependencies" time="0.052" /><testcase classname="backend.tests.test_dependency_system.TestDependencyStructure" name="test_dependency_response_structure" time="0.050" /><testcase classname="backend.tests.test_dependency_system.TestDependencyStructure" name="test_obligation_types_valid" time="0.050" /><testcase classname="backend.tests.test_dependency_system.TestDependencyStructure" name="test_risk_severities_valid" time="0.050" /><testcase classname="backend.tests.test_dependency_system.TestDependencyStructure" name="test_when_needed_values_valid" time="0.055" /><testcase classname="backend.tests.test_dependency_system.TestPreStartDependencies" name="test_prestart_includes_dependencies" time="0.050" /><testcase classname="backend.tests.test_dependency_system.TestPreStartDependencies" name="test_prestart_no_dependencies_procedure" time="0.054" /><testcase classname="backend.tests.test_dependency_system.TestAllDependencyProcedures" name="test_procedure_has_dependencies[COMPANY_FORMATION_SRL]" time="0.048" /><testcase classname="backend.tests.test_dependency_system.TestAllDependencyProcedures" name="test_procedure_has_dependencies[COMPANY_CLOSURE]" time="0.051" /><testcase classname="backend.tests.test_dependency_system.TestAllDependencyProcedures" name="test_procedure_has_dependencies[SCIOGLIMENTO_SOCIETA]" time="0.053" /><testcase classname="backend.tests.test_dependency_system.TestAllDependencyProcedures" name="test_procedure_has_dependencies[VAT_OPEN_PF]" time="0.067" /><testcase classname="backend.tests.test_dependency_system.TestAllDependencyProcedures" name="test_procedure_has_dependencies[VAT_CLOSURE_PF]" time="0.052" /><testcase classname="backend.tests.test_dependency_system.TestAllDependencyProcedures" name="test_procedure_has_dependencies[VAT_DECLARATION]" time="0.051" /><testcase classname="backend.tests.test_dependency_system.TestAllDependencyProcedures" name="test_procedure_has_dependencies[INCOME_TAX_PF]" time="0.057" /><testcase classname="backend.tests.test_dependency_system.TestAllDependencyProcedures" name="test_procedure_has_dependencies[MOD_770]" time="0.050" /><testcase classname="backend.tests.test_dependency_system.TestAllDependencyProcedures" name="test_procedure_has_dependencies[ASSUNZIONE_DIP]" time="0.054" /><testcase classname="backend.tests.test_dependency_system.TestAllDependencyProcedures" name="test_procedure_has_dependencies[CESSAZIONE_DIP]" time="0.055" /><testcase classname="backend.tests.test_dependency_system.TestAllDependencyProcedures" name="test_procedure_has_dependencies[CONTRATTO_LOCAZIONE]" time="0.053" /><testcase classname="backend.tests.test_dependency_system.TestAllDependencyProcedures" name="test_procedure_has_dependencies[TRASFORMAZIONE_SOCIETARIA]" time="0.061" /><testcase classname="backend.tests.test_dependency_system.TestAllDependencyProcedures" name="test_procedure_has_dependencies[FUSIONE_SOCIETARIA]" time="0.056" /><testcase classname="backend.tests.test_dependency_system.TestAllDependencyProcedures" name="test_procedure_has_dependencies[CESSIONE_QUOTE]" time="0.055" /><testcase classname="backend.tests.test_dependency_system.TestAllDependencyProcedures" name="test_procedure_has_dependencies[INPS_GESTIONE_SEP]" time="0.059" /><testcase classname="backend.tests.test_dependency_system.TestAllDependencyProcedures" name="test_procedure_has_dependencies[DICHIARAZIONE_SUCCESSIONE]" time="0.061" /><testcase classname="backend.tests.test_dependency_system.TestProceduresWithoutDependencies" name="test_procedure_no_dependencies[DOC_MISSING_REQUEST]" time="0.053" /><testcase classname="backend.tests.test_dependency_system.TestProceduresWithoutDependencies" name="test_procedure_no_dependencies[INFO_SCADENZE_FISCALI]" time="0.060"><failure message="AssertionError: INFO_SCADENZE_FISCALI: Expected 200, got 404&#10;assert 404 == 200&#10; +  where 404 = &lt;Response [404]&gt;.status_code">backend/tests/test_dependency_system.py:340: in test_procedure_no_dependencies
    assert response.status_code == 200, f"{procedure_id}: Expected 200, got {response.status_code}"
E   AssertionError: INFO_SCADENZE_FISCALI: Expected 200, got 404
E   assert 404 == 200
E    +  where 404 = &lt;Response [404]&gt;.status_code</failure></testcase><testcase classname="backend.tests.test_dependency_system.TestProceduresWithoutDependencies" name="test_procedure_no_dependencies[INFO_CONTRIBUTI_MINIMI]" time="0.053" /></testsuite></testsuites>