<?xml version="1.0" encoding="utf-8"?><testsuites name="pytest tests"><testsuite name="pytest" errors="0" failures="0" skipped="0" tests="14" time="6.330" timestamp="2026-04-12T12:02:13.705842+00:00" hostname="agent-env-820b473f-c8a3-4ab7-8bfd-56b463fc1c54"><testcase classname="backend.tests.test_catalog_expansion.TestCatalogExpansion" name="test_catalog_returns_35_entries" time="0.528" /><testcase classname="backend.tests.test_catalog_expansion.TestCatalogExpansion" name="test_catalog_categories_returns_5_categories" time="0.385" /><testcase classname="backend.tests.test_catalog_expansion.TestCatalogExpansion" name="test_income_tax_pf_exists_with_flow_definition" time="0.375" /><testcase classname="backend.tests.test_catalog_expansion.TestCatalogExpansion" name="test_income_tax_pf_flow_definition_official_entry_point" time="0.412" /><testcase classname="backend.tests.test_catalog_expansion.TestCatalogExpansion" name="test_income_tax_pf_flow_definition_expected_release" time="0.400" /><testcase classname="backend.tests.test_catalog_expansion.TestCatalogExpansion" name="test_income_tax_pf_flow_definition_tracking_mode" time="0.373" /><testcase classname="backend.tests.test_catalog_expansion.TestCatalogExpansion" name="test_inps_durc_exists_with_previdenziale" time="0.407" /><testcase classname="backend.tests.test_catalog_expansion.TestCatalogExpansion" name="test_company_formation_srl_exists_with_delegation_required" time="0.370" /><testcase classname="backend.tests.test_catalog_expansion.TestCatalogExpansion" name="test_suap_scia_has_url_verified_false" time="0.390" /><testcase classname="backend.tests.test_catalog_expansion.TestCatalogExpansion" name="test_internal_entries_have_flow_definition_none" time="0.371" /><testcase classname="backend.tests.test_catalog_expansion.TestCatalogExpansion" name="test_new_entries_exist" time="0.988" /><testcase classname="backend.tests.test_catalog_expansion.TestCatalogExpansion" name="test_search_by_inps_returns_inps_entries" time="0.417" /><testcase classname="backend.tests.test_catalog_expansion.TestCatalogFlowDefinitionStructure" name="test_all_official_procedures_have_flow_definition" time="0.413" /><testcase classname="backend.tests.test_catalog_expansion.TestCatalogFlowDefinitionStructure" name="test_all_internal_procedures_have_no_flow_definition" time="0.401" /></testsuite></testsuites>