<?xml version="1.0" encoding="utf-8"?><testsuites name="pytest tests"><testsuite name="pytest" errors="0" failures="0" skipped="0" tests="21" time="3.881" timestamp="2026-04-10T12:18:42.559243+00:00" hostname="agent-env-820b473f-c8a3-4ab7-8bfd-56b463fc1c54"><testcase classname="backend.tests.test_herion_v10_alerts_security_vault.TestCreatorLogin" name="test_creator_login_success" time="0.424" /><testcase classname="backend.tests.test_herion_v10_alerts_security_vault.TestAlertCenterAPI" name="test_get_alerts_returns_sections_and_counts" time="0.321" /><testcase classname="backend.tests.test_herion_v10_alerts_security_vault.TestAlertCenterAPI" name="test_get_alerts_summary" time="0.045" /><testcase classname="backend.tests.test_herion_v10_alerts_security_vault.TestAlertCenterAPI" name="test_patch_alert_acknowledge" time="0.104" /><testcase classname="backend.tests.test_herion_v10_alerts_security_vault.TestAlertCenterAPI" name="test_patch_alert_resolve" time="0.106" /><testcase classname="backend.tests.test_herion_v10_alerts_security_vault.TestAlertCenterAPI" name="test_patch_alert_not_found" time="0.048" /><testcase classname="backend.tests.test_herion_v10_alerts_security_vault.TestSecurityMonitoringAPI" name="test_failed_login_creates_security_event" time="0.427" /><testcase classname="backend.tests.test_herion_v10_alerts_security_vault.TestSecurityMonitoringAPI" name="test_security_events_requires_admin_role" time="0.657" /><testcase classname="backend.tests.test_herion_v10_alerts_security_vault.TestSecurityMonitoringAPI" name="test_security_summary_returns_counts" time="0.372" /><testcase classname="backend.tests.test_herion_v10_alerts_security_vault.TestSecurityMonitoringAPI" name="test_security_summary_requires_admin_role" time="0.043" /><testcase classname="backend.tests.test_herion_v10_alerts_security_vault.TestSecurityMonitoringAPI" name="test_multiple_failed_logins_trigger_alert" time="0.549" /><testcase classname="backend.tests.test_herion_v10_alerts_security_vault.TestDocumentVaultAPI" name="test_get_vault_returns_documents_with_metadata" time="0.047" /><testcase classname="backend.tests.test_herion_v10_alerts_security_vault.TestDocumentVaultAPI" name="test_get_vault_summary" time="0.051" /><testcase classname="backend.tests.test_herion_v10_alerts_security_vault.TestDocumentVaultAPI" name="test_patch_vault_document_verify" time="0.088" /><testcase classname="backend.tests.test_herion_v10_alerts_security_vault.TestDocumentVaultAPI" name="test_patch_vault_document_not_found" time="0.060" /><testcase classname="backend.tests.test_herion_v10_alerts_security_vault.TestDocumentVaultAPI" name="test_vault_user_sees_own_documents_only" time="0.108" /><testcase classname="backend.tests.test_herion_v10_alerts_security_vault.TestNavigationVisibility" name="test_governance_nav_admin_only" time="0.096" /><testcase classname="backend.tests.test_herion_v10_alerts_security_vault.TestPreviousFeaturesStillWork" name="test_catalog_still_works" time="0.051" /><testcase classname="backend.tests.test_herion_v10_alerts_security_vault.TestPreviousFeaturesStillWork" name="test_deadlines_still_works" time="0.047" /><testcase classname="backend.tests.test_herion_v10_alerts_security_vault.TestPreviousFeaturesStillWork" name="test_submission_center_still_works" time="0.091" /><testcase classname="backend.tests.test_herion_v10_alerts_security_vault.TestPreviousFeaturesStillWork" name="test_governance_dashboard_still_works" time="0.052" /></testsuite></testsuites>