<?xml version="1.0" encoding="utf-8"?><testsuites name="pytest tests"><testsuite name="pytest" errors="0" failures="0" skipped="0" tests="9" time="2.651" timestamp="2026-04-11T08:04:31.591208+00:00" hostname="agent-env-820b473f-c8a3-4ab7-8bfd-56b463fc1c54"><testcase classname="backend.tests.test_priority_system.TestPracticesListPriority" name="test_practices_list_returns_priority_fields" time="0.549" /><testcase classname="backend.tests.test_priority_system.TestPracticesListPriority" name="test_practices_sorted_by_priority" time="0.084" /><testcase classname="backend.tests.test_priority_system.TestSinglePracticePriority" name="test_single_practice_has_priority_fields" time="0.472" /><testcase classname="backend.tests.test_priority_system.TestSinglePracticePriority" name="test_urgent_practice_has_correct_priority" time="0.056" /><testcase classname="backend.tests.test_priority_system.TestDashboardStatsPriority" name="test_dashboard_stats_recent_practices_have_priority" time="0.381" /><testcase classname="backend.tests.test_priority_system.TestDashboardStatsPriority" name="test_dashboard_stats_critical_practices_have_priority" time="0.054" /><testcase classname="backend.tests.test_priority_system.TestDashboardStatsPriority" name="test_dashboard_stats_critical_practices_sorted_by_priority" time="0.053" /><testcase classname="backend.tests.test_priority_system.TestPriorityLabels" name="test_priority_labels_are_italian" time="0.469" /><testcase classname="backend.tests.test_priority_system.TestWaitingApprovalPractices" name="test_waiting_approval_practices_exist" time="0.449" /></testsuite></testsuites>