<?xml version="1.0" encoding="utf-8"?><testsuites name="pytest tests"><testsuite name="pytest" errors="0" failures="0" skipped="0" tests="20" time="5.355" timestamp="2026-04-10T15:37:24.457078+00:00" hostname="agent-env-820b473f-c8a3-4ab7-8bfd-56b463fc1c54"><testcase classname="backend.tests.test_herion_v13_email_system.TestAdminLogin" name="test_admin_login_success" time="0.533" /><testcase classname="backend.tests.test_herion_v13_email_system.TestEmailDraftCreation" name="test_create_email_draft_no_attachments" time="0.087" /><testcase classname="backend.tests.test_herion_v13_email_system.TestEmailDraftCreation" name="test_create_email_draft_with_nonexistent_attachment" time="0.083" /><testcase classname="backend.tests.test_herion_v13_email_system.TestEmailDraftCreation" name="test_create_email_draft_invalid_practice" time="0.085" /><testcase classname="backend.tests.test_herion_v13_email_system.TestEmailDraftsList" name="test_get_email_drafts_list" time="0.087" /><testcase classname="backend.tests.test_herion_v13_email_system.TestEmailDraftsList" name="test_get_email_drafts_with_status_filter" time="0.077" /><testcase classname="backend.tests.test_herion_v13_email_system.TestEmailDraftDetail" name="test_get_single_draft" time="0.196" /><testcase classname="backend.tests.test_herion_v13_email_system.TestEmailDraftDetail" name="test_get_nonexistent_draft" time="0.082" /><testcase classname="backend.tests.test_herion_v13_email_system.TestEmailDraftUpdate" name="test_update_draft" time="0.293" /><testcase classname="backend.tests.test_herion_v13_email_system.TestEmailSubmitForReview" name="test_submit_draft_for_review" time="0.398" /><testcase classname="backend.tests.test_herion_v13_email_system.TestEmailApproval" name="test_admin_can_approve_draft" time="0.359" /><testcase classname="backend.tests.test_herion_v13_email_system.TestNonAdminRestrictions" name="test_non_admin_cannot_approve" time="0.679" /><testcase classname="backend.tests.test_herion_v13_email_system.TestNonAdminRestrictions" name="test_non_admin_cannot_send" time="0.350" /><testcase classname="backend.tests.test_herion_v13_email_system.TestEmailSummary" name="test_get_email_summary" time="0.081" /><testcase classname="backend.tests.test_herion_v13_email_system.TestFullEmailFlow" name="test_full_flow_to_approved" time="0.430" /><testcase classname="backend.tests.test_herion_v13_email_system.TestFullEmailFlow" name="test_send_to_verified_email" time="0.883" /><testcase classname="backend.tests.test_herion_v13_email_system.TestTimelineAndAuditLogging" name="test_email_events_in_timeline" time="0.185" /><testcase classname="backend.tests.test_herion_v13_email_system.TestTimelineAndAuditLogging" name="test_email_events_in_audit" time="0.105" /><testcase classname="backend.tests.test_herion_v13_email_system.TestPasswordResetUsesResend" name="test_forgot_password_endpoint" time="0.172" /><testcase classname="backend.tests.test_herion_v13_email_system.TestNexusPracticeExists" name="test_nexus_practice_accessible" time="0.090" /></testsuite></testsuites>