<?xml version="1.0" encoding="utf-8"?><testsuites name="pytest tests"><testsuite name="pytest" errors="0" failures="0" skipped="0" tests="5" time="1.898" timestamp="2026-04-18T18:47:59.460090+00:00" hostname="agent-env-820b473f-c8a3-4ab7-8bfd-56b463fc1c54"><testcase classname="backend.tests.test_iteration47_bilingual_stats.TestAdminStatsCreatorOnly" name="test_admin_stats_returns_403_for_admin_user" time="0.503" /><testcase classname="backend.tests.test_iteration47_bilingual_stats.TestAdminStatsCreatorOnly" name="test_admin_stats_with_different_windows" time="0.525" /><testcase classname="backend.tests.test_iteration47_bilingual_stats.TestAuthEndpoints" name="test_login_admin_success" time="0.332" /><testcase classname="backend.tests.test_iteration47_bilingual_stats.TestAuthEndpoints" name="test_login_invalid_credentials" time="0.341" /><testcase classname="backend.tests.test_iteration47_bilingual_stats.TestHealthCheck" name="test_api_health" time="0.130" /></testsuite></testsuites>