<?xml version="1.0" encoding="utf-8"?><testsuites name="pytest tests"><testsuite name="pytest" errors="0" failures="0" skipped="0" tests="21" time="6.104" timestamp="2026-04-08T08:43:23.070823+00:00" hostname="agent-env-820b473f-c8a3-4ab7-8bfd-56b463fc1c54"><testcase classname="backend.tests.test_herion_v2.TestHealthAndRoot" name="test_health_endpoint" time="0.239" /><testcase classname="backend.tests.test_herion_v2.TestHealthAndRoot" name="test_root_endpoint" time="0.109" /><testcase classname="backend.tests.test_herion_v2.TestReferenceData" name="test_get_countries_returns_27_eu_countries" time="0.116" /><testcase classname="backend.tests.test_herion_v2.TestReferenceData" name="test_get_document_categories_returns_10_categories" time="0.107" /><testcase classname="backend.tests.test_herion_v2.TestAgentsInfo" name="test_get_agents_info_returns_5_agents" time="0.155" /><testcase classname="backend.tests.test_herion_v2.TestAuthLogin" name="test_admin_login_success" time="0.330" /><testcase classname="backend.tests.test_herion_v2.TestAuthLogin" name="test_login_invalid_credentials" time="0.136" /><testcase classname="backend.tests.test_herion_v2.TestAuthRegistration" name="test_register_new_user_with_all_fields" time="0.416" /><testcase classname="backend.tests.test_herion_v2.TestAuthRegistration" name="test_register_duplicate_email_fails" time="0.104" /><testcase classname="backend.tests.test_herion_v2.TestForgotPassword" name="test_forgot_password_endpoint" time="0.104" /><testcase classname="backend.tests.test_herion_v2.TestForgotPassword" name="test_forgot_password_nonexistent_email" time="0.120" /><testcase classname="backend.tests.test_herion_v2.TestResetPassword" name="test_reset_password_invalid_token" time="0.119" /><testcase classname="backend.tests.test_herion_v2.TestProfileEndpoints" name="test_get_profile" time="0.367" /><testcase classname="backend.tests.test_herion_v2.TestProfileEndpoints" name="test_update_profile" time="0.432" /><testcase classname="backend.tests.test_herion_v2.TestChangePassword" name="test_change_password_wrong_current" time="0.673" /><testcase classname="backend.tests.test_herion_v2.TestPracticesFlow" name="test_create_practice" time="0.381" /><testcase classname="backend.tests.test_herion_v2.TestPracticesFlow" name="test_get_practices_list" time="0.383" /><testcase classname="backend.tests.test_herion_v2.TestPracticesFlow" name="test_practice_crud_flow" time="0.567" /><testcase classname="backend.tests.test_herion_v2.TestDashboardStats" name="test_dashboard_stats" time="0.373" /><testcase classname="backend.tests.test_herion_v2.TestNotifications" name="test_get_notifications" time="0.410" /><testcase classname="backend.tests.test_herion_v2.TestActivityLogs" name="test_get_activity_logs" time="0.361" /></testsuite></testsuites>