<?xml version="1.0" encoding="utf-8"?><testsuites name="pytest tests"><testsuite name="pytest" errors="0" failures="0" skipped="0" tests="17" time="9.374" timestamp="2026-04-11T18:52:53.527116+00:00" hostname="agent-env-820b473f-c8a3-4ab7-8bfd-56b463fc1c54"><testcase classname="backend.tests.test_herion_v21_practice_flow.TestPracticeFlowEndpoints" name="test_01_login_and_auth" time="0.580" /><testcase classname="backend.tests.test_herion_v21_practice_flow.TestPracticeFlowEndpoints" name="test_02_get_practices_list" time="0.467" /><testcase classname="backend.tests.test_herion_v21_practice_flow.TestPracticeFlowEndpoints" name="test_03_get_practice_detail_enriched" time="0.525" /><testcase classname="backend.tests.test_herion_v21_practice_flow.TestPracticeFlowEndpoints" name="test_04_create_draft_practice" time="0.380" /><testcase classname="backend.tests.test_herion_v21_practice_flow.TestPracticeFlowEndpoints" name="test_05_start_practice_endpoint" time="0.540" /><testcase classname="backend.tests.test_herion_v21_practice_flow.TestPracticeFlowEndpoints" name="test_06_start_practice_fails_if_not_draft" time="0.557" /><testcase classname="backend.tests.test_herion_v21_practice_flow.TestPracticeFlowEndpoints" name="test_07_mark_submitted_endpoint" time="0.661" /><testcase classname="backend.tests.test_herion_v21_practice_flow.TestPracticeFlowEndpoints" name="test_08_mark_submitted_fails_if_not_ready" time="0.483" /><testcase classname="backend.tests.test_herion_v21_practice_flow.TestPracticeFlowEndpoints" name="test_09_mark_completed_endpoint" time="0.585" /><testcase classname="backend.tests.test_herion_v21_practice_flow.TestPracticeFlowEndpoints" name="test_10_mark_completed_fails_if_not_submitted" time="0.506" /><testcase classname="backend.tests.test_herion_v21_practice_flow.TestPracticeFlowEndpoints" name="test_11_practice_step_mapping" time="1.204" /><testcase classname="backend.tests.test_herion_v21_practice_flow.TestPracticeFlowEndpoints" name="test_12_user_status_display" time="0.560" /><testcase classname="backend.tests.test_herion_v21_practice_flow.TestPracticeFlowEndpoints" name="test_13_catalog_info_enrichment" time="0.567" /><testcase classname="backend.tests.test_herion_v21_practice_flow.TestPracticeFlowEndpoints" name="test_14_dashboard_stats" time="0.411" /><testcase classname="backend.tests.test_herion_v21_practice_flow.TestStatusLabels" name="test_status_labels_in_list" time="0.442" /><testcase classname="backend.tests.test_herion_v21_practice_flow.TestCatalogAndRegistry" name="test_get_catalog" time="0.403" /><testcase classname="backend.tests.test_herion_v21_practice_flow.TestCatalogAndRegistry" name="test_get_registry" time="0.416" /></testsuite></testsuites>