<?xml version="1.0" encoding="utf-8"?><testsuites name="pytest tests"><testsuite name="pytest" errors="0" failures="0" skipped="0" tests="17" time="6.864" timestamp="2026-04-09T18:45:35.011935+00:00" hostname="agent-env-820b473f-c8a3-4ab7-8bfd-56b463fc1c54"><testcase classname="tests.test_herion_v7_catalog.TestHealthAndBasics" name="test_health_endpoint" time="0.215" /><testcase classname="tests.test_herion_v7_catalog.TestHealthAndBasics" name="test_root_endpoint" time="0.142" /><testcase classname="tests.test_herion_v7_catalog.TestCreatorAuth" name="test_creator_login" time="0.366" /><testcase classname="tests.test_herion_v7_catalog.TestCreatorAuth" name="test_creator_blocked_from_registration" time="0.128" /><testcase classname="tests.test_herion_v7_catalog.TestAdminAuth" name="test_admin_login" time="0.333" /><testcase classname="tests.test_herion_v7_catalog.TestAdminAuth" name="test_invalid_credentials_rejected" time="0.157" /><testcase classname="tests.test_herion_v7_catalog.TestCatalogAPI" name="test_catalog_returns_entries" time="0.479" /><testcase classname="tests.test_herion_v7_catalog.TestCatalogAPI" name="test_catalog_requires_auth" time="0.513" /><testcase classname="tests.test_herion_v7_catalog.TestCatalogAPI" name="test_catalog_has_risk_levels" time="0.453" /><testcase classname="tests.test_herion_v7_catalog.TestCatalogAPI" name="test_catalog_has_user_types" time="0.499" /><testcase classname="tests.test_herion_v7_catalog.TestRegistryAPI" name="test_registry_returns_entries" time="0.445" /><testcase classname="tests.test_herion_v7_catalog.TestRegistryAPI" name="test_registry_requires_auth" time="0.492" /><testcase classname="tests.test_herion_v7_catalog.TestPracticesAPI" name="test_practices_list" time="0.510" /><testcase classname="tests.test_herion_v7_catalog.TestPracticesAPI" name="test_create_and_get_practice" time="0.711" /><testcase classname="tests.test_herion_v7_catalog.TestDashboardAPI" name="test_dashboard_stats" time="0.440" /><testcase classname="tests.test_herion_v7_catalog.TestAgentsAPI" name="test_agents_info" time="0.453" /><testcase classname="tests.test_herion_v7_catalog.TestProfileAPI" name="test_creator_profile_has_creator_fields" time="0.441" /></testsuite></testsuites>