<?xml version="1.0" encoding="utf-8"?><testsuites name="pytest tests"><testsuite name="pytest" errors="0" failures="0" skipped="0" tests="7" time="3.476" timestamp="2026-04-13T14:52:53.718740+00:00" hostname="agent-env-820b473f-c8a3-4ab7-8bfd-56b463fc1c54"><testcase classname="backend.tests.test_archive_copy_v42.TestArchiveCopyBackend" name="test_health_endpoint" time="0.466" /><testcase classname="backend.tests.test_archive_copy_v42.TestArchiveCopyBackend" name="test_practices_list" time="0.442" /><testcase classname="backend.tests.test_archive_copy_v42.TestArchiveCopyBackend" name="test_workspace_guidance_waiting_user_documents" time="0.497" /><testcase classname="backend.tests.test_archive_copy_v42.TestArchiveCopyBackend" name="test_workspace_documents_summary" time="0.528" /><testcase classname="backend.tests.test_archive_copy_v42.TestArchiveCopyBackend" name="test_vault_endpoint" time="0.391" /><testcase classname="backend.tests.test_archive_copy_v42.TestArchiveCopyBackend" name="test_vault_summary_endpoint" time="0.379" /><testcase classname="backend.tests.test_archive_copy_v42.TestBuildUiGuidanceFunction" name="test_guidance_contains_archivio_language" time="0.706" /></testsuite></testsuites>