<?xml version="1.0" encoding="utf-8"?><testsuites name="pytest tests"><testsuite name="pytest" errors="0" failures="0" skipped="0" tests="8" time="3.586" timestamp="2026-04-11T20:47:14.947318+00:00" hostname="agent-env-820b473f-c8a3-4ab7-8bfd-56b463fc1c54"><testcase classname="backend.tests.test_herion_v23_language_refinement.TestBackendPrompts" name="test_health_check" time="0.411" /><testcase classname="backend.tests.test_herion_v23_language_refinement.TestBackendPrompts" name="test_auth_me" time="0.470" /><testcase classname="backend.tests.test_herion_v23_language_refinement.TestBackendPrompts" name="test_practices_list" time="0.442" /><testcase classname="backend.tests.test_herion_v23_language_refinement.TestBackendPrompts" name="test_dashboard_stats" time="0.382" /><testcase classname="backend.tests.test_herion_v23_language_refinement.TestBackendPrompts" name="test_agents_info" time="0.376" /><testcase classname="backend.tests.test_herion_v23_language_refinement.TestPracticeCreationAndDetail" name="test_create_practice_and_get_detail" time="0.448" /><testcase classname="backend.tests.test_herion_v23_language_refinement.TestPracticeCreationAndDetail" name="test_practice_with_agent_logs" time="0.435" /><testcase classname="backend.tests.test_herion_v23_language_refinement.TestChatEndpoint" name="test_chat_history_endpoint" time="0.550" /></testsuite></testsuites>