<?xml version="1.0" encoding="utf-8"?><testsuites name="pytest tests"><testsuite name="pytest" errors="0" failures="0" skipped="0" tests="20" time="1.918" timestamp="2026-04-10T14:51:40.978584+00:00" hostname="agent-env-820b473f-c8a3-4ab7-8bfd-56b463fc1c54"><testcase classname="backend.tests.test_herion_v12_document_matrix.TestAdminLogin" name="test_admin_login_success" time="0.440" /><testcase classname="backend.tests.test_herion_v12_document_matrix.TestCatalogItalyScope" name="test_catalog_all_entries_have_italy_scope" time="0.385" /><testcase classname="backend.tests.test_herion_v12_document_matrix.TestCatalogItalyScope" name="test_catalog_all_entries_have_operational_status" time="0.060" /><testcase classname="backend.tests.test_herion_v12_document_matrix.TestRegistryItalyScope" name="test_registry_all_entries_have_status" time="0.054" /><testcase classname="backend.tests.test_herion_v12_document_matrix.TestRegistryItalyScope" name="test_registry_no_multi_country" time="0.052" /><testcase classname="backend.tests.test_herion_v12_document_matrix.TestDocumentMatrixAPI" name="test_document_matrix_for_nexus_practice" time="0.057" /><testcase classname="backend.tests.test_herion_v12_document_matrix.TestDocumentMatrixAPI" name="test_document_matrix_required_docs_for_company_closure" time="0.062" /><testcase classname="backend.tests.test_herion_v12_document_matrix.TestDocumentMatrixAPI" name="test_document_matrix_signature_requirements" time="0.052" /><testcase classname="backend.tests.test_herion_v12_document_matrix.TestDocumentMatrixAPI" name="test_document_matrix_conditional_delegation" time="0.052" /><testcase classname="backend.tests.test_herion_v12_document_matrix.TestDocumentMatrixAPI" name="test_document_matrix_expected_outputs" time="0.060" /><testcase classname="backend.tests.test_herion_v12_document_matrix.TestDocumentMatrixAPI" name="test_document_matrix_completeness_fields" time="0.056" /><testcase classname="backend.tests.test_herion_v12_document_matrix.TestDocumentMatrixTypes" name="test_matrix_types_returns_all_practice_types" time="0.056" /><testcase classname="backend.tests.test_herion_v12_document_matrix.TestSensitivityLevels" name="test_sensitivity_levels_returns_definitions" time="0.048" /><testcase classname="backend.tests.test_herion_v12_document_matrix.TestGuardDocumentMatrixIntegration" name="test_guard_includes_document_completeness_dimension" time="0.055" /><testcase classname="backend.tests.test_herion_v12_document_matrix.TestCreatorPasswordProtection" name="test_creator_password_not_exposed" time="0.000" /><testcase classname="backend.tests.test_herion_v12_document_matrix.TestFollowUpSystemStillWorking" name="test_follow_ups_endpoint" time="0.065" /><testcase classname="backend.tests.test_herion_v12_document_matrix.TestFollowUpSystemStillWorking" name="test_follow_ups_summary" time="0.064" /><testcase classname="backend.tests.test_herion_v12_document_matrix.TestGuardSystemStillWorking" name="test_guard_evaluate_endpoint" time="0.054" /><testcase classname="backend.tests.test_herion_v12_document_matrix.TestGuardSystemStillWorking" name="test_guard_summary_endpoint" time="0.075" /><testcase classname="backend.tests.test_herion_v12_document_matrix.TestNexusPracticeExists" name="test_nexus_practice_exists" time="0.088" /></testsuite></testsuites>