<?xml version="1.0" encoding="utf-8"?><testsuites name="pytest tests"><testsuite name="pytest" errors="0" failures="0" skipped="0" tests="20" time="0.783" timestamp="2026-04-13T06:32:53.273146+00:00" hostname="agent-env-820b473f-c8a3-4ab7-8bfd-56b463fc1c54"><testcase classname="backend.tests.test_catalog_expansion.TestCatalogTotalCount" name="test_catalog_returns_78_procedures" time="0.564" /><testcase classname="backend.tests.test_catalog_expansion.TestCategoryCountsFromAPI" name="test_categories_endpoint_returns_6_categories" time="0.110" /><testcase classname="backend.tests.test_catalog_expansion.TestCategoryCountsFromAPI" name="test_fiscale_count_24" time="0.000" /><testcase classname="backend.tests.test_catalog_expansion.TestCategoryCountsFromAPI" name="test_previdenziale_count_12" time="0.000" /><testcase classname="backend.tests.test_catalog_expansion.TestCategoryCountsFromAPI" name="test_societario_count_13" time="0.000" /><testcase classname="backend.tests.test_catalog_expansion.TestCategoryCountsFromAPI" name="test_documentale_count_12" time="0.000" /><testcase classname="backend.tests.test_catalog_expansion.TestCategoryCountsFromAPI" name="test_informativo_count_12" time="0.001" /><testcase classname="backend.tests.test_catalog_expansion.TestCategoryCountsFromAPI" name="test_lavoro_count_5" time="0.000" /><testcase classname="backend.tests.test_catalog_expansion.TestLavoroCategory" name="test_lavoro_category_exists" time="0.000" /><testcase classname="backend.tests.test_catalog_expansion.TestLavoroCategory" name="test_lavoro_has_5_procedures" time="0.000" /><testcase classname="backend.tests.test_catalog_expansion.TestLavoroCategory" name="test_lavoro_procedures_exist" time="0.000" /><testcase classname="backend.tests.test_catalog_expansion.TestNewFiscaleProcedures" name="test_new_fiscale_procedures_exist" time="0.000" /><testcase classname="backend.tests.test_catalog_expansion.TestNewPrevidenzialeProcedures" name="test_new_previdenziale_procedures_exist" time="0.001" /><testcase classname="backend.tests.test_catalog_expansion.TestNewSocietarioProcedures" name="test_new_societario_procedures_exist" time="0.000" /><testcase classname="backend.tests.test_catalog_expansion.TestNoDuplicates" name="test_no_duplicate_practice_ids" time="0.002" /><testcase classname="backend.tests.test_catalog_expansion.TestEnrichedStructure" name="test_official_procedures_have_full_structure" time="0.000" /><testcase classname="backend.tests.test_catalog_expansion.TestEnrichedStructure" name="test_internal_procedures_have_required_fields" time="0.000" /><testcase classname="backend.tests.test_catalog_expansion.TestUrlVerifiedFalse" name="test_11_procedures_have_url_verified_false" time="0.000" /><testcase classname="backend.tests.test_catalog_expansion.TestUrlVerifiedFalse" name="test_correct_procedures_have_url_verified_false" time="0.000" /><testcase classname="backend.tests.test_catalog_expansion.TestCatalogByCategory" name="test_category_counts_match_expected" time="0.000" /></testsuite></testsuites>