<?xml version="1.0" encoding="utf-8"?><testsuites name="pytest tests"><testsuite name="pytest" errors="0" failures="0" skipped="0" tests="16" time="7.779" timestamp="2026-04-13T14:25:41.514508+00:00" hostname="agent-env-820b473f-c8a3-4ab7-8bfd-56b463fc1c54"><testcase classname="backend.tests.test_refactoring_v41.TestHealthAndAuth" name="test_health_endpoint" time="0.126" /><testcase classname="backend.tests.test_refactoring_v41.TestHealthAndAuth" name="test_admin_login" time="0.341" /><testcase classname="backend.tests.test_refactoring_v41.TestHealthAndAuth" name="test_register_creates_user_with_plan_free" time="0.336" /><testcase classname="backend.tests.test_refactoring_v41.TestCatalogEndpoints" name="test_catalog_returns_136_procedures" time="0.483" /><testcase classname="backend.tests.test_refactoring_v41.TestCatalogEndpoints" name="test_catalog_categories_returns_7" time="0.446" /><testcase classname="backend.tests.test_refactoring_v41.TestCatalogEndpoints" name="test_prestart_returns_orientation_dependencies_international" time="0.476" /><testcase classname="backend.tests.test_refactoring_v41.TestCatalogEndpoints" name="test_dependencies_returns_linked_obligations" time="0.555" /><testcase classname="backend.tests.test_refactoring_v41.TestAdminStatsFromExtractedRoute" name="test_admin_stats_returns_data" time="0.467" /><testcase classname="backend.tests.test_refactoring_v41.TestAdminStatsFromExtractedRoute" name="test_admin_stats_with_window_today" time="0.495" /><testcase classname="backend.tests.test_refactoring_v41.TestAdminStatsFromExtractedRoute" name="test_admin_stats_returns_403_for_non_admin" time="0.793" /><testcase classname="backend.tests.test_refactoring_v41.TestDashboardAndPractices" name="test_dashboard_stats_returns_data" time="0.447" /><testcase classname="backend.tests.test_refactoring_v41.TestDashboardAndPractices" name="test_practices_returns_list" time="0.538" /><testcase classname="backend.tests.test_refactoring_v41.TestDashboardAndPractices" name="test_notifications_returns_list" time="0.465" /><testcase classname="backend.tests.test_refactoring_v41.TestDashboardAndPractices" name="test_reminders_returns_list" time="0.450" /><testcase classname="backend.tests.test_refactoring_v41.TestPracticeWorkspaceAndTracking" name="test_practice_workspace_returns_full_data" time="0.628" /><testcase classname="backend.tests.test_refactoring_v41.TestPracticeWorkspaceAndTracking" name="test_tracking_update_works" time="0.636" /></testsuite></testsuites>