<?xml version="1.0" encoding="utf-8"?><testsuites name="pytest tests"><testsuite name="pytest" errors="0" failures="1" skipped="0" tests="20" time="9.469" timestamp="2026-04-08T20:08:08.523048+00:00" hostname="agent-env-820b473f-c8a3-4ab7-8bfd-56b463fc1c54"><testcase classname="backend.tests.test_herion_v3_controlled_execution.TestHealthAndBasics" name="test_health_endpoint" time="0.235" /><testcase classname="backend.tests.test_herion_v3_controlled_execution.TestHealthAndBasics" name="test_root_endpoint" time="0.140" /><testcase classname="backend.tests.test_herion_v3_controlled_execution.TestAdminLogin" name="test_admin_login_success" time="0.362" /><testcase classname="backend.tests.test_herion_v3_controlled_execution.TestAdminLogin" name="test_admin_login_invalid_credentials" time="0.365" /><testcase classname="backend.tests.test_herion_v3_controlled_execution.TestAgentsInfo" name="test_agents_info_returns_9_specialists" time="0.420" /><testcase classname="backend.tests.test_herion_v3_controlled_execution.TestAgentsInfo" name="test_agents_info_has_admin_agent" time="0.414" /><testcase classname="backend.tests.test_herion_v3_controlled_execution.TestAgentsInfo" name="test_agents_info_correct_pipeline_order" time="0.421" /><testcase classname="backend.tests.test_herion_v3_controlled_execution.TestAgentsInfo" name="test_agents_info_total_count" time="0.396" /><testcase classname="backend.tests.test_herion_v3_controlled_execution.TestAgentsInfo" name="test_admin_sees_system_prompts" time="0.430" /><testcase classname="backend.tests.test_herion_v3_controlled_execution.TestAgentsInfo" name="test_non_admin_cannot_see_system_prompts" time="0.459" /><testcase classname="backend.tests.test_herion_v3_controlled_execution.TestPracticeCreation" name="test_create_practice_has_draft_status" time="0.407" /><testcase classname="backend.tests.test_herion_v3_controlled_execution.TestPracticeCreation" name="test_practice_has_new_fields" time="0.397" /><testcase classname="backend.tests.test_herion_v3_controlled_execution.TestPracticeTimeline" name="test_timeline_endpoint_exists" time="0.531" /><testcase classname="backend.tests.test_herion_v3_controlled_execution.TestPracticeTimeline" name="test_timeline_has_chronological_events" time="0.469" /><testcase classname="backend.tests.test_herion_v3_controlled_execution.TestApprovalFlow" name="test_approve_endpoint_exists" time="0.505" /><testcase classname="backend.tests.test_herion_v3_controlled_execution.TestApprovalFlow" name="test_approve_requires_waiting_approval_status" time="0.465" /><testcase classname="backend.tests.test_herion_v3_controlled_execution.TestApprovalFlow" name="test_manual_status_update_to_waiting_approval" time="0.557" /><testcase classname="backend.tests.test_herion_v3_controlled_execution.TestApprovalFlow" name="test_approve_creates_snapshot_and_completes" time="0.522"><failure message="assert 500 == 200&#10; +  where 500 = &lt;Response [500]&gt;.status_code">backend/tests/test_herion_v3_controlled_execution.py:415: in test_approve_creates_snapshot_and_completes
    assert approve_response.status_code == 200
E   assert 500 == 200
E    +  where 500 = &lt;Response [500]&gt;.status_code</failure></testcase><testcase classname="backend.tests.test_herion_v3_controlled_execution.TestStatusBadges" name="test_all_status_values_accepted" time="1.027" /><testcase classname="backend.tests.test_herion_v3_controlled_execution.TestOldPracticesCompatibility" name="test_pending_status_still_works" time="0.809" /></testsuite></testsuites>