<?xml version="1.0" encoding="utf-8"?><testsuites name="pytest tests"><testsuite name="pytest" errors="0" failures="0" skipped="0" tests="22" time="9.775" timestamp="2026-04-12T10:45:21.846562+00:00" hostname="agent-env-820b473f-c8a3-4ab7-8bfd-56b463fc1c54"><testcase classname="backend.tests.test_iteration29_catalog_foundation.TestCatalogFoundation" name="test_catalog_categories_returns_5_categories" time="0.575" /><testcase classname="backend.tests.test_iteration29_catalog_foundation.TestCatalogFoundation" name="test_catalog_categories_have_procedure_counts" time="0.417" /><testcase classname="backend.tests.test_iteration29_catalog_foundation.TestCatalogFoundation" name="test_category_fiscale_is_official" time="0.444" /><testcase classname="backend.tests.test_iteration29_catalog_foundation.TestCatalogFoundation" name="test_category_documentale_is_not_official" time="0.424" /><testcase classname="backend.tests.test_iteration29_catalog_foundation.TestCatalogFoundation" name="test_vat_open_pf_has_enriched_fields" time="0.420" /><testcase classname="backend.tests.test_iteration29_catalog_foundation.TestCatalogFoundation" name="test_vat_open_pf_category_and_procedure_type" time="0.442" /><testcase classname="backend.tests.test_iteration29_catalog_foundation.TestCatalogFoundation" name="test_vat_open_pf_official_action" time="0.416" /><testcase classname="backend.tests.test_iteration29_catalog_foundation.TestCatalogFoundation" name="test_vat_open_pf_who_acts" time="0.443" /><testcase classname="backend.tests.test_iteration29_catalog_foundation.TestCatalogFoundation" name="test_vat_open_pf_auth_method" time="0.505" /><testcase classname="backend.tests.test_iteration29_catalog_foundation.TestCatalogFoundation" name="test_vat_open_pf_proof_expected" time="0.416" /><testcase classname="backend.tests.test_iteration29_catalog_foundation.TestCatalogFoundation" name="test_vat_open_pf_estimated_duration" time="0.419" /><testcase classname="backend.tests.test_iteration29_catalog_foundation.TestCatalogFoundation" name="test_vat_open_pf_document_specs" time="0.436" /><testcase classname="backend.tests.test_iteration29_catalog_foundation.TestCatalogFoundation" name="test_status_update_category_and_procedure_type" time="0.445" /><testcase classname="backend.tests.test_iteration29_catalog_foundation.TestCatalogFoundation" name="test_status_update_no_official_action" time="0.412" /><testcase classname="backend.tests.test_iteration29_catalog_foundation.TestCatalogFoundation" name="test_company_closure_category_and_procedure_type" time="0.457" /><testcase classname="backend.tests.test_iteration29_catalog_foundation.TestCatalogFoundation" name="test_company_closure_delegation_required" time="0.413" /><testcase classname="backend.tests.test_iteration29_catalog_foundation.TestCatalogFoundation" name="test_company_closure_document_specs" time="0.431" /><testcase classname="backend.tests.test_iteration29_catalog_foundation.TestCatalogFoundation" name="test_company_closure_proof_expected_timing_delayed" time="0.410" /><testcase classname="backend.tests.test_iteration29_catalog_foundation.TestCatalogFoundation" name="test_catalog_returns_all_20_entries" time="0.444" /><testcase classname="backend.tests.test_iteration29_catalog_foundation.TestCatalogFoundation" name="test_vat_declaration_who_acts" time="0.435" /><testcase classname="backend.tests.test_iteration29_catalog_foundation.TestCatalogCategoriesStructure" name="test_all_categories_have_required_fields" time="0.440" /><testcase classname="backend.tests.test_iteration29_catalog_foundation.TestCatalogCategoriesStructure" name="test_official_categories" time="0.414" /></testsuite></testsuites>