<?xml version="1.0" encoding="utf-8"?><testsuites name="pytest tests"><testsuite name="pytest" errors="0" failures="0" skipped="0" tests="56" time="22.165" timestamp="2026-04-13T10:45:40.846494+00:00" hostname="agent-env-820b473f-c8a3-4ab7-8bfd-56b463fc1c54"><testcase classname="tests.test_catalog_batch2_expansion.TestCatalogBatch2Expansion" name="test_catalog_returns_123_procedures" time="0.564" /><testcase classname="tests.test_catalog_batch2_expansion.TestCatalogBatch2Expansion" name="test_categories_endpoint_returns_6_categories" time="0.384" /><testcase classname="tests.test_catalog_batch2_expansion.TestCatalogBatch2Expansion" name="test_no_duplicate_practice_ids" time="0.424" /><testcase classname="tests.test_catalog_batch2_expansion.TestCatalogBatch2Expansion" name="test_batch2_fiscale_esterometro_exists" time="0.391" /><testcase classname="tests.test_catalog_batch2_expansion.TestCatalogBatch2Expansion" name="test_batch2_fiscale_isa_affidabilita_exists" time="0.381" /><testcase classname="tests.test_catalog_batch2_expansion.TestCatalogBatch2Expansion" name="test_batch2_fiscale_imposta_bollo_efatt_exists" time="0.368" /><testcase classname="tests.test_catalog_batch2_expansion.TestCatalogBatch2Expansion" name="test_batch2_fiscale_bonus_edilizi_exists" time="0.384" /><testcase classname="tests.test_catalog_batch2_expansion.TestCatalogBatch2Expansion" name="test_batch2_fiscale_credito_imposta_rs_exists" time="0.415" /><testcase classname="tests.test_catalog_batch2_expansion.TestCatalogBatch2Expansion" name="test_batch2_fiscale_imposta_registro_exists" time="0.382" /><testcase classname="tests.test_catalog_batch2_expansion.TestCatalogBatch2Expansion" name="test_batch2_previdenziale_riscatto_laurea_exists" time="0.378" /><testcase classname="tests.test_catalog_batch2_expansion.TestCatalogBatch2Expansion" name="test_batch2_previdenziale_ricongiunzione_exists" time="0.397" /><testcase classname="tests.test_catalog_batch2_expansion.TestCatalogBatch2Expansion" name="test_batch2_previdenziale_estratto_conto_exists" time="0.385" /><testcase classname="tests.test_catalog_batch2_expansion.TestCatalogBatch2Expansion" name="test_batch2_previdenziale_bonus_nido_exists" time="0.388" /><testcase classname="tests.test_catalog_batch2_expansion.TestCatalogBatch2Expansion" name="test_batch2_previdenziale_congedo_parentale_exists" time="0.457" /><testcase classname="tests.test_catalog_batch2_expansion.TestCatalogBatch2Expansion" name="test_batch2_societario_vidimazione_libri_exists" time="0.372" /><testcase classname="tests.test_catalog_batch2_expansion.TestCatalogBatch2Expansion" name="test_batch2_societario_domiciliazione_legale_exists" time="0.378" /><testcase classname="tests.test_catalog_batch2_expansion.TestCatalogBatch2Expansion" name="test_batch2_societario_contratto_rete_exists" time="0.410" /><testcase classname="tests.test_catalog_batch2_expansion.TestCatalogBatch2Expansion" name="test_batch2_societario_scioglimento_societa_exists" time="0.368" /><testcase classname="tests.test_catalog_batch2_expansion.TestCatalogBatch2Expansion" name="test_batch2_societario_fusione_societaria_exists" time="0.385" /><testcase classname="tests.test_catalog_batch2_expansion.TestCatalogBatch2Expansion" name="test_batch2_lavoro_prospetto_informativo_exists" time="0.376" /><testcase classname="tests.test_catalog_batch2_expansion.TestCatalogBatch2Expansion" name="test_batch2_lavoro_libro_unico_exists" time="0.384" /><testcase classname="tests.test_catalog_batch2_expansion.TestCatalogBatch2Expansion" name="test_batch2_lavoro_welfare_aziendale_exists" time="0.385" /><testcase classname="tests.test_catalog_batch2_expansion.TestCatalogBatch2Expansion" name="test_batch2_lavoro_cu_dipendenti_exists" time="0.373" /><testcase classname="tests.test_catalog_batch2_expansion.TestCatalogBatch2Expansion" name="test_batch2_lavoro_mod_770_sostituti_exists" time="0.384" /><testcase classname="tests.test_catalog_batch2_expansion.TestCatalogBatch2Expansion" name="test_batch2_lavoro_fringe_benefit_exists" time="0.424" /><testcase classname="tests.test_catalog_batch2_expansion.TestCatalogBatch2Expansion" name="test_batch2_lavoro_gestione_ferie_exists" time="0.372" /><testcase classname="tests.test_catalog_batch2_expansion.TestCatalogBatch2Expansion" name="test_batch2_lavoro_trasferta_rimborso_exists" time="0.390" /><testcase classname="tests.test_catalog_batch2_expansion.TestCatalogBatch2Expansion" name="test_batch2_lavoro_premio_risultato_exists" time="0.382" /><testcase classname="tests.test_catalog_batch2_expansion.TestCatalogBatch2Expansion" name="test_batch2_lavoro_cedolino_collaboratore_exists" time="0.374" /><testcase classname="tests.test_catalog_batch2_expansion.TestCatalogBatch2Expansion" name="test_batch2_documentale_conservazione_sost_exists" time="0.390" /><testcase classname="tests.test_catalog_batch2_expansion.TestCatalogBatch2Expansion" name="test_batch2_documentale_marca_temporale_exists" time="0.388" /><testcase classname="tests.test_catalog_batch2_expansion.TestCatalogBatch2Expansion" name="test_batch2_documentale_procura_telematica_exists" time="0.378" /><testcase classname="tests.test_catalog_batch2_expansion.TestCatalogBatch2Expansion" name="test_batch2_documentale_raccolta_consensi_exists" time="0.383" /><testcase classname="tests.test_catalog_batch2_expansion.TestCatalogBatch2Expansion" name="test_batch2_documentale_contratto_servizio_exists" time="0.375" /><testcase classname="tests.test_catalog_batch2_expansion.TestCatalogBatch2Expansion" name="test_batch2_documentale_checklist_annuale_exists" time="0.383" /><testcase classname="tests.test_catalog_batch2_expansion.TestCatalogBatch2Expansion" name="test_batch2_documentale_fascicolo_clienti_exists" time="0.383" /><testcase classname="tests.test_catalog_batch2_expansion.TestCatalogBatch2Expansion" name="test_batch2_documentale_template_fattura_exists" time="0.380" /><testcase classname="tests.test_catalog_batch2_expansion.TestCatalogBatch2Expansion" name="test_batch2_informativo_contributi_minimi_exists" time="0.373" /><testcase classname="tests.test_catalog_batch2_expansion.TestCatalogBatch2Expansion" name="test_batch2_informativo_deduzioni_exists" time="0.393" /><testcase classname="tests.test_catalog_batch2_expansion.TestCatalogBatch2Expansion" name="test_batch2_informativo_scadenze_trimestrali_exists" time="0.378" /><testcase classname="tests.test_catalog_batch2_expansion.TestCatalogBatch2Expansion" name="test_batch2_informativo_fatturazione_elettronica_exists" time="0.389" /><testcase classname="tests.test_catalog_batch2_expansion.TestCatalogBatch2Expansion" name="test_batch2_informativo_regime_impatriati_exists" time="0.381" /><testcase classname="tests.test_catalog_batch2_expansion.TestCatalogBatch2Expansion" name="test_batch2_informativo_startup_innovativa_exists" time="0.381" /><testcase classname="tests.test_catalog_batch2_expansion.TestCatalogBatch2Expansion" name="test_batch2_informativo_societa_benefit_exists" time="0.387" /><testcase classname="tests.test_catalog_batch2_expansion.TestCatalogBatch2Expansion" name="test_batch2_informativo_obbligo_pec_exists" time="0.389" /><testcase classname="tests.test_catalog_batch2_expansion.TestCatalogBatch2Expansion" name="test_batch2_informativo_antiric_adeguata_exists" time="0.375" /><testcase classname="tests.test_catalog_batch2_expansion.TestCatalogBatch2Expansion" name="test_batch2_informativo_pianificazione_successoria_exists" time="0.379" /><testcase classname="tests.test_catalog_batch2_expansion.TestCatalogBatch2Expansion" name="test_batch2_informativo_lavoro_autonomo_exists" time="0.388" /><testcase classname="tests.test_catalog_batch2_expansion.TestCatalogBatch2Expansion" name="test_official_procedure_has_flow_definition" time="0.387" /><testcase classname="tests.test_catalog_batch2_expansion.TestCatalogBatch2Expansion" name="test_official_procedure_has_who_acts" time="0.428" /><testcase classname="tests.test_catalog_batch2_expansion.TestCatalogBatch2Expansion" name="test_internal_procedure_has_null_flow_definition" time="0.402" /><testcase classname="tests.test_catalog_batch2_expansion.TestCatalogBatch2Expansion" name="test_url_verified_false_for_unverified_portals" time="0.391" /><testcase classname="tests.test_catalog_batch2_expansion.TestCatalogBatch2Expansion" name="test_count_url_verified_false_entries" time="0.508" /><testcase classname="tests.test_catalog_batch2_expansion.TestCatalogBatch2Expansion" name="test_prestart_endpoint_fusione_societaria" time="0.403" /><testcase classname="tests.test_catalog_batch2_expansion.TestCatalogBatch2Expansion" name="test_prestart_endpoint_new_batch2_entry" time="0.377" /><testcase classname="tests.test_catalog_batch2_expansion.TestCatalogBatch2Expansion" name="test_prestart_endpoint_internal_procedure" time="0.373" /></testsuite></testsuites>